<?xml version="1.0" encoding="UTF-8"?>
<testng-results skipped="0" failed="0" ignored="0" total="4" passed="4">
  <reporter-output>
  </reporter-output>
  <suite name="Default suite" duration-ms="71" started-at="2018-11-22T02:10:36Z" finished-at="2018-11-22T02:10:36Z">
    <groups>
    </groups>
    <test name="Default test" duration-ms="71" started-at="2018-11-22T02:10:36Z" finished-at="2018-11-22T02:10:36Z">
      <class name="testNGTest$SimpleTest">
        <test-method status="PASS" signature="Test1()[pri:0, instance:testNGTest$SimpleTest@1810399e]" name="Test1" duration-ms="11" started-at="2018-11-22T02:10:36Z" finished-at="2018-11-22T02:10:36Z">
          <reporter-output>
          </reporter-output>
        </test-method> <!-- Test1 -->
        <test-method status="PASS" signature="Test1()[pri:0, instance:testNGTest$SimpleTest@5f375618]" name="Test1" duration-ms="2" started-at="2018-11-22T02:10:36Z" finished-at="2018-11-22T02:10:36Z">
          <reporter-output>
          </reporter-output>
        </test-method> <!-- Test1 -->
        <test-method status="PASS" signature="Test2()[pri:0, instance:testNGTest$SimpleTest@1810399e]" name="Test2" duration-ms="4" started-at="2018-11-22T02:10:36Z" finished-at="2018-11-22T02:10:36Z">
          <reporter-output>
          </reporter-output>
        </test-method> <!-- Test2 -->
        <test-method status="PASS" signature="Test2()[pri:0, instance:testNGTest$SimpleTest@5f375618]" name="Test2" duration-ms="8" started-at="2018-11-22T02:10:36Z" finished-at="2018-11-22T02:10:36Z">
          <reporter-output>
          </reporter-output>
        </test-method> <!-- Test2 -->
      </class> <!-- testNGTest$SimpleTest -->
    </test> <!-- Default test -->
  </suite> <!-- Default suite -->
</testng-results>
